{
  "stats": {
    "suites": 1,
    "tests": 1,
    "passes": 1,
    "pending": 0,
    "failures": 0,
    "start": "2024-09-13T15:47:10.643Z",
    "end": "2024-09-13T15:48:02.126Z",
    "duration": 51483,
    "testsRegistered": 1,
    "passPercent": 100,
    "pendingPercent": 0,
    "other": 0,
    "hasOther": false,
    "skipped": 0,
    "hasSkipped": false
  },
  "results": [
    {
      "uuid": "ecd03ca4-c8ea-4416-aeaa-fc3bce6229b5",
      "title": "",
      "fullFile": "cypress\\integration\\cart.cy.js",
      "file": "cypress\\integration\\cart.cy.js",
      "beforeHooks": [],
      "afterHooks": [],
      "tests": [],
      "suites": [
        {
          "uuid": "f8962162-0786-44fc-810f-45aff358f0cd",
          "title": "Cart Management - Add, Remove Items, and Verify Cart",
          "fullFile": "",
          "file": "",
          "beforeHooks": [],
          "afterHooks": [],
          "tests": [
            {
              "title": "should verify 3 items in the cart, remove one, and validate the cart",
              "fullTitle": "Cart Management - Add, Remove Items, and Verify Cart should verify 3 items in the cart, remove one, and validate the cart",
              "timedOut": null,
              "duration": 28462,
              "state": "passed",
              "speed": "slow",
              "pass": true,
              "fail": false,
              "pending": false,
              "context": null,
              "code": "// Visit the Automation Test Store\ncy.visit('https://automationteststore.com/');\n// Add the first item to the cart (Benefit Bella Bamba) using XPath\ncy.xpath(\"//img[@src='//automationteststore.com/image/thumbnails/18/6b/demo_product02_3_jpg-100029-250x250.jpg']\", {\n  timeout: 10000\n}).click();\ncy.get('.cart', {\n  timeout: 10000\n}).click();\ncy.go('back').go('back');\n// Add the second item to the cart (Skinsheen Bronzer Stick) using XPath\ncy.xpath(\"//section[@id='featured']//div[@class='thumbnails list-inline']//div[1]//div[2]//a[1]//img[1]\", {\n  timeout: 10000\n}).click();\ncy.get('.cart', {\n  timeout: 10000\n}).click();\ncy.go('back').go('back');\n// Add the third item to the cart (Total Moisture Facial Cream) using XPath\ncy.xpath(\"//img[@src='//automationteststore.com/image/thumbnails/18/6f/demo_product16_1_jpg-100091-250x250.jpg']\", {\n  timeout: 10000\n}).click();\ncy.get('.cart', {\n  timeout: 10000\n}).click();\n// Go to the cart by selecting \"Cart\" from the dropdown using XPath\ncy.xpath(\"//select[@class='form-control']\").first().select('Cart', {\n  timeout: 10000\n});\n// Verify the exact URL redirection to the cart page\ncy.url({\n  timeout: 10000\n}).should('eq', 'https://automationteststore.com/index.php?rt=checkout/cart');\n// Verify that the cart contains 3 items with their corresponding names using XPath\ncy.xpath(\"//a[contains(@href, 'product/product&product_id=52')]\").should('contain.text', 'Benefit Bella Bamba').should('be.visible');\ncy.xpath(\"//a[contains(@href, 'product/product&product_id=50')]\").should('contain.text', 'Skinsheen Bronzer Stick').should('be.visible');\ncy.xpath(\"//a[contains(@href, 'product/product&product_id=66')]\").should('contain.text', 'Total Moisture Facial Cream').should('be.visible');\n// Verify that the cart length is 3 using the new class\ncy.get('.cart-info.product-list').find('tr').should('have.length', 4); // Assuming each item is in a row in a table\n// Remove the first item (Benefit Bella Bamba) from the cart\ncy.get('a[href*=\"remove=52\"]').click();\n// Verify that the cart length is now 2\ncy.get('.cart-info.product-list').find('tr').should('have.length', 3); // Adjust the selector as needed",
              "err": {},
              "uuid": "a42a9c03-d9f2-4c49-9502-e220af4ad882",
              "parentUUID": "f8962162-0786-44fc-810f-45aff358f0cd",
              "isHook": false,
              "skipped": false
            }
          ],
          "suites": [],
          "passes": [
            "a42a9c03-d9f2-4c49-9502-e220af4ad882"
          ],
          "failures": [],
          "pending": [],
          "skipped": [],
          "duration": 28462,
          "root": false,
          "rootEmpty": false,
          "_timeout": 2000
        }
      ],
      "passes": [],
      "failures": [],
      "pending": [],
      "skipped": [],
      "duration": 0,
      "root": true,
      "rootEmpty": true,
      "_timeout": 2000
    }
  ],
  "meta": {
    "mocha": {
      "version": "7.0.1"
    },
    "mochawesome": {
      "options": {
        "quiet": false,
        "reportFilename": "mochawesome",
        "saveHtml": true,
        "saveJson": true,
        "consoleReporter": "spec",
        "useInlineDiffs": false,
        "code": true
      },
      "version": "7.1.3"
    },
    "marge": {
      "options": {
        "id": "default",
        "reportDir": "cypress/reports",
        "overwrite": false,
        "html": true,
        "json": true,
        "charts": true,
        "embeddedScreenshots": true,
        "inlineAssets": true
      },
      "version": "6.2.0"
    }
  }
}