{
  "stats": {
    "suites": 1,
    "tests": 1,
    "passes": 1,
    "pending": 0,
    "failures": 0,
    "start": "2024-09-13T15:58:02.154Z",
    "end": "2024-09-13T15:58:24.000Z",
    "duration": 21846,
    "testsRegistered": 1,
    "passPercent": 100,
    "pendingPercent": 0,
    "other": 0,
    "hasOther": false,
    "skipped": 0,
    "hasSkipped": false
  },
  "results": [
    {
      "uuid": "3fe1d323-edd4-4012-b2f6-47cab1f35fd9",
      "title": "",
      "fullFile": "cypress\\integration\\checkout.cy.js",
      "file": "cypress\\integration\\checkout.cy.js",
      "beforeHooks": [],
      "afterHooks": [],
      "tests": [],
      "suites": [
        {
          "uuid": "2678ae41-bfa4-41d6-b01b-5aba7d1b9266",
          "title": "Checkout Process",
          "fullFile": "",
          "file": "",
          "beforeHooks": [],
          "afterHooks": [],
          "tests": [
            {
              "title": "should complete the checkout process with valid login and payment information",
              "fullTitle": "Checkout Process should complete the checkout process with valid login and payment information",
              "timedOut": null,
              "duration": 18138,
              "state": "passed",
              "speed": "slow",
              "pass": true,
              "fail": false,
              "pending": false,
              "context": null,
              "code": "// Visit the homepage\ncy.visit('https://automationteststore.com/'); // Replace with your actual URL\n// Click on the product image to view the product\ncy.get(\"img[src='//automationteststore.com/image/thumbnails/18/6b/demo_product02_3_jpg-100029-250x250.jpg']\").click();\n// Add the product to the cart\ncy.get('.cart', {\n  timeout: 10000\n}).click(); // Replace with the actual selector for adding to cartL\ncy.get('select.form-control').first().select('Checkout');\ncy.url().should('eq', 'https://automationteststore.com/index.php?rt=account/login');\n// Proceed to checkout\ncy.fixture('ecommerce').then(data => {\n  cy.get('#loginFrm_loginname').type(data.username); // Replace with actual username\n  cy.get('#loginFrm_password').type(data.password); // Replace with actual password\n  cy.get('button[title=\"Login\"]').click();\n});\ncy.get('#checkout_btn').should('be.visible') // Ensure the button is visible\n.and('not.be.disabled') // Ensure the button is not disabled\n.click();\n// Verify successful login and checkout\n// cy.get('#checkout_btn').click().click()\n//  cy.login('divani', '1234567');\n// cy.get('#checkout_btn').click(); // Proceed to checkout\n//  cy.get('button#checkout_btn').click(); // Confirm order button\ncy.url().should('eq', 'https://automationteststore.com/index.php?rt=checkout/confirm');\ncy.get('h1').should('contain.text', ' Your Order Has Been Processed!'); // Verify the confirmation message",
              "err": {},
              "uuid": "cf460c06-e103-46aa-8378-1f284ce71a7a",
              "parentUUID": "2678ae41-bfa4-41d6-b01b-5aba7d1b9266",
              "isHook": false,
              "skipped": false
            }
          ],
          "suites": [],
          "passes": [
            "cf460c06-e103-46aa-8378-1f284ce71a7a"
          ],
          "failures": [],
          "pending": [],
          "skipped": [],
          "duration": 18138,
          "root": false,
          "rootEmpty": false,
          "_timeout": 2000
        }
      ],
      "passes": [],
      "failures": [],
      "pending": [],
      "skipped": [],
      "duration": 0,
      "root": true,
      "rootEmpty": true,
      "_timeout": 2000
    }
  ],
  "meta": {
    "mocha": {
      "version": "7.0.1"
    },
    "mochawesome": {
      "options": {
        "quiet": false,
        "reportFilename": "mochawesome",
        "saveHtml": true,
        "saveJson": true,
        "consoleReporter": "spec",
        "useInlineDiffs": false,
        "code": true
      },
      "version": "7.1.3"
    },
    "marge": {
      "options": {
        "id": "default",
        "reportDir": "cypress/reports",
        "overwrite": false,
        "html": true,
        "json": true,
        "charts": true,
        "embeddedScreenshots": true,
        "inlineAssets": true
      },
      "version": "6.2.0"
    }
  }
}