{
  "stats": {
    "suites": 1,
    "tests": 1,
    "passes": 1,
    "pending": 0,
    "failures": 0,
    "start": "2024-09-13T15:59:17.501Z",
    "end": "2024-09-13T15:59:43.889Z",
    "duration": 26388,
    "testsRegistered": 1,
    "passPercent": 100,
    "pendingPercent": 0,
    "other": 0,
    "hasOther": false,
    "skipped": 0,
    "hasSkipped": false
  },
  "results": [
    {
      "uuid": "815e3aad-9b58-48fd-b854-b253977a470d",
      "title": "",
      "fullFile": "cypress\\integration\\login.cy.js",
      "file": "cypress\\integration\\login.cy.js",
      "beforeHooks": [],
      "afterHooks": [],
      "tests": [],
      "suites": [
        {
          "uuid": "3b11159f-825e-4e4a-acc7-33592488a705",
          "title": "User Registration, Login, and Logout",
          "fullFile": "",
          "file": "",
          "beforeHooks": [],
          "afterHooks": [],
          "tests": [
            {
              "title": "should complete the registration, login, invalid login, and logout process",
              "fullTitle": "User Registration, Login, and Logout should complete the registration, login, invalid login, and logout process",
              "timedOut": null,
              "duration": 22073,
              "state": "passed",
              "speed": "slow",
              "pass": true,
              "fail": false,
              "pending": false,
              "context": null,
              "code": "// Visit the website\ncy.visit('https://automationteststore.com/'); // Replace with actual URL\n// Select \"Account\" from the first dropdown\ncy.get('select.form-control').first().select('Account');\n// Verify redirection to login page\ncy.url().should('eq', 'https://automationteststore.com/index.php?rt=account/login');\n// Verify the password field is of type \"password\"\ncy.get('#loginFrm_password').should('have.attr', 'type', 'password');\n// Test invalid login\ncy.get('#loginFrm_loginname').type('invalidUser'); // Invalid username\ncy.get('#loginFrm_password').type('wrongPassword'); // Invalid password\ncy.get('button[title=\"Login\"]').click();\n// Verify error message for invalid login\ncy.get('.alert.alert-error').should('contain.text', 'Error: Incorrect login or password provided.');\n// Clear the login fields\ncy.get('#loginFrm_loginname').clear();\ncy.get('#loginFrm_password').clear();\n// Enter valid login credentials and submit\ncy.login('divani', '1234567'); // Use the login command\n// Verify successful login by checking URL and My Account page\ncy.url().should('include', 'account/account');\ncy.get('h2.heading2 span').should('contain.text', 'My Account');\n// Test accessing account after login\ncy.visit('https://automationteststore.com/index.php?rt=account/account');\ncy.url().should('include', 'account/account');\n// Select \"Logout\" from the dropdown\ncy.get('select.form-control').first().select('Logout');\n// Verify redirection to logout page\ncy.url().should('eq', 'https://automationteststore.com/index.php?rt=account/logout');\n// Click on the \"Continue\" button after logout\ncy.get('a.btn.btn-default.mr10[title=\"Continue\"]').click();\n// Verify redirection to the homepage\ncy.url().should('eq', 'https://automationteststore.com/');\n// Verify that accessing account page after logout redirects to login page\ncy.visit('https://automationteststore.com/index.php?rt=account/account');\ncy.url().should('include', 'account/login');",
              "err": {},
              "uuid": "d8e94f09-6743-47d6-9909-61dc2c95dc23",
              "parentUUID": "3b11159f-825e-4e4a-acc7-33592488a705",
              "isHook": false,
              "skipped": false
            }
          ],
          "suites": [],
          "passes": [
            "d8e94f09-6743-47d6-9909-61dc2c95dc23"
          ],
          "failures": [],
          "pending": [],
          "skipped": [],
          "duration": 22073,
          "root": false,
          "rootEmpty": false,
          "_timeout": 2000
        }
      ],
      "passes": [],
      "failures": [],
      "pending": [],
      "skipped": [],
      "duration": 0,
      "root": true,
      "rootEmpty": true,
      "_timeout": 2000
    }
  ],
  "meta": {
    "mocha": {
      "version": "7.0.1"
    },
    "mochawesome": {
      "options": {
        "quiet": false,
        "reportFilename": "mochawesome",
        "saveHtml": true,
        "saveJson": true,
        "consoleReporter": "spec",
        "useInlineDiffs": false,
        "code": true
      },
      "version": "7.1.3"
    },
    "marge": {
      "options": {
        "id": "default",
        "reportDir": "cypress/reports",
        "overwrite": false,
        "html": true,
        "json": true,
        "charts": true,
        "embeddedScreenshots": true,
        "inlineAssets": true
      },
      "version": "6.2.0"
    }
  }
}