{
  "stats": {
    "suites": 1,
    "tests": 1,
    "passes": 0,
    "pending": 0,
    "failures": 1,
    "start": "2024-09-13T15:59:47.228Z",
    "end": "2024-09-13T16:00:21.398Z",
    "duration": 34170,
    "testsRegistered": 1,
    "passPercent": 0,
    "pendingPercent": 0,
    "other": 0,
    "hasOther": false,
    "skipped": 0,
    "hasSkipped": false
  },
  "results": [
    {
      "uuid": "25970623-f0f6-4115-ae72-159418d58ac3",
      "title": "",
      "fullFile": "cypress\\integration\\registration.cy.js",
      "file": "cypress\\integration\\registration.cy.js",
      "beforeHooks": [],
      "afterHooks": [],
      "tests": [],
      "suites": [
        {
          "uuid": "0978a562-6fad-4169-9d7e-7d262d8ded18",
          "title": "User Registration",
          "fullFile": "",
          "file": "",
          "beforeHooks": [],
          "afterHooks": [],
          "tests": [
            {
              "title": "should complete the registration form with valid data and verify the address details",
              "fullTitle": "User Registration should complete the registration form with valid data and verify the address details",
              "timedOut": null,
              "duration": 30513,
              "state": "failed",
              "speed": null,
              "pass": false,
              "fail": true,
              "pending": false,
              "context": null,
              "code": "// Visit the registration page\ncy.visit('https://automationteststore.com/'); // Replace with your registration page URL\n// Select \"Account\" from the first dropdown\ncy.get('select.form-control').first().select('Account');\n// Verify the exact URL redirection\ncy.url().should('eq', 'https://automationteststore.com/index.php?rt=account/login');\n// Click on the 'Continue' button to start registration\ncy.get('button[title=\"Continue\"]').click();\n// Fill in the registration form\ncy.get('#AccountFrm_firstname').type('raja');\ncy.get('#AccountFrm_lastname').type('patil');\ncy.get('#AccountFrm_email').type('rss@example.com');\ncy.get('#AccountFrm_telephone').type('14567890');\ncy.get('#AccountFrm_fax').type('098761');\ncy.get('#AccountFrm_company').type('electronic Enterprises');\ncy.get('#AccountFrm_address_1').type('123 Main St');\ncy.get('#AccountFrm_city').type('Anytown');\ncy.get('#AccountFrm_postcode').type('12345');\n// Select a country from the dropdown\ncy.get('#AccountFrm_country_id').select('Togo'); // Ensure 'Togo' is a valid option\n// Select a region (state) from the dropdown\ncy.get('#AccountFrm_zone_id').select('Maritime'); // Select region from options\n// Fill in the login details\ncy.get('#AccountFrm_loginname').type('rajasa');\ncy.get('#AccountFrm_password').type('raj1234');\ncy.get('#AccountFrm_confirm').type('raj1234');\n// Subscribe to the newsletter\ncy.get('#AccountFrm_newsletter1').check(); // Check the 'Yes' option\n// Agree to the terms and conditions\ncy.get('#AccountFrm_agree').check(); // Assuming it's a checkbox\n// Click on the 'Continue' button to submit the form\ncy.get('button[title=\"Continue\"]').click();\ncy.wait(2000); // Adjust the wait time as needed\n// Click on \"Manage Address Book\" link using CSS selectors\ncy.get('.myaccountbox .side_account_list').contains('Manage Address Book').should('be.visible') // Ensure the link is visible\n.click();\n// Verify that the address details are correctly displayed\ncy.get('address').should('contain.text', 'raja patil').and('contain.text', 'electronic Enterprises').and('contain.text', '123 Main St').and('contain.text', 'Anytown 12345').and('contain.text', 'Maritime').and('contain.text', 'Togo');",
              "err": {
                "message": "AssertionError: Timed out retrying after 10000ms: Expected to find element: `.myaccountbox .side_account_list`, but never found it.",
                "estack": "AssertionError: Timed out retrying after 10000ms: Expected to find element: `.myaccountbox .side_account_list`, but never found it.\n    at Context.eval (webpack:///./cypress/integration/registration.cy.js:150:11)",
                "diff": null
              },
              "uuid": "ff749f08-4cd5-4cac-bbfe-7cfbc0597650",
              "parentUUID": "0978a562-6fad-4169-9d7e-7d262d8ded18",
              "isHook": false,
              "skipped": false
            }
          ],
          "suites": [],
          "passes": [],
          "failures": [
            "ff749f08-4cd5-4cac-bbfe-7cfbc0597650"
          ],
          "pending": [],
          "skipped": [],
          "duration": 30513,
          "root": false,
          "rootEmpty": false,
          "_timeout": 2000
        }
      ],
      "passes": [],
      "failures": [],
      "pending": [],
      "skipped": [],
      "duration": 0,
      "root": true,
      "rootEmpty": true,
      "_timeout": 2000
    }
  ],
  "meta": {
    "mocha": {
      "version": "7.0.1"
    },
    "mochawesome": {
      "options": {
        "quiet": false,
        "reportFilename": "mochawesome",
        "saveHtml": true,
        "saveJson": true,
        "consoleReporter": "spec",
        "useInlineDiffs": false,
        "code": true
      },
      "version": "7.1.3"
    },
    "marge": {
      "options": {
        "id": "default",
        "reportDir": "cypress/reports",
        "overwrite": false,
        "html": true,
        "json": true,
        "charts": true,
        "embeddedScreenshots": true,
        "inlineAssets": true
      },
      "version": "6.2.0"
    }
  }
}